Start testing: Sep 17 15:21 RTZ 2 (зима)
----------------------------------------------------------
1/6 Testing: StudentsDbTests.AddSingleStudent
1/6 Test: StudentsDbTests.AddSingleStudent
Command: "C:/Users/yung/Desktop/base_parallel/test/studentsDataBase/build/Release/tests.exe" "--gtest_filter=StudentsDbTests.AddSingleStudent" "--gtest_also_run_disabled_tests"
Directory: C:/Users/yung/Desktop/base_parallel/test/studentsDataBase/build
"StudentsDbTests.AddSingleStudent" start time: Sep 17 15:21 RTZ 2 (зима)
Output:
----------------------------------------------------------
Note: Google Test filter = StudentsDbTests.AddSingleStudent
[==========] Running 1 test from 1 test suite.
[----------] Global test environment set-up.
[----------] 1 test from StudentsDbTests
[ RUN      ] StudentsDbTests.AddSingleStudent
[       OK ] StudentsDbTests.AddSingleStudent (0 ms)
[----------] 1 test from StudentsDbTests (0 ms total)

[----------] Global test environment tear-down
[==========] 1 test from 1 test suite ran. (0 ms total)
[  PASSED  ] 1 test.
<end of output>
Test time =   0.01 sec
----------------------------------------------------------
Test Passed.
"StudentsDbTests.AddSingleStudent" end time: Sep 17 15:21 RTZ 2 (зима)
"StudentsDbTests.AddSingleStudent" time elapsed: 00:00:00
----------------------------------------------------------

2/6 Testing: StudentsDbTests.DisplayEmpty
2/6 Test: StudentsDbTests.DisplayEmpty
Command: "C:/Users/yung/Desktop/base_parallel/test/studentsDataBase/build/Release/tests.exe" "--gtest_filter=StudentsDbTests.DisplayEmpty" "--gtest_also_run_disabled_tests"
Directory: C:/Users/yung/Desktop/base_parallel/test/studentsDataBase/build
"StudentsDbTests.DisplayEmpty" start time: Sep 17 15:21 RTZ 2 (зима)
Output:
----------------------------------------------------------
Note: Google Test filter = StudentsDbTests.DisplayEmpty
[==========] Running 1 test from 1 test suite.
[----------] Global test environment set-up.
[----------] 1 test from StudentsDbTests
[ RUN      ] StudentsDbTests.DisplayEmpty
[       OK ] StudentsDbTests.DisplayEmpty (0 ms)
[----------] 1 test from StudentsDbTests (0 ms total)

[----------] Global test environment tear-down
[==========] 1 test from 1 test suite ran. (0 ms total)
[  PASSED  ] 1 test.
<end of output>
Test time =   0.01 sec
----------------------------------------------------------
Test Passed.
"StudentsDbTests.DisplayEmpty" end time: Sep 17 15:21 RTZ 2 (зима)
"StudentsDbTests.DisplayEmpty" time elapsed: 00:00:00
----------------------------------------------------------

3/6 Testing: StudentsDbTests.AddTwoAndDisplay
3/6 Test: StudentsDbTests.AddTwoAndDisplay
Command: "C:/Users/yung/Desktop/base_parallel/test/studentsDataBase/build/Release/tests.exe" "--gtest_filter=StudentsDbTests.AddTwoAndDisplay" "--gtest_also_run_disabled_tests"
Directory: C:/Users/yung/Desktop/base_parallel/test/studentsDataBase/build
"StudentsDbTests.AddTwoAndDisplay" start time: Sep 17 15:21 RTZ 2 (зима)
Output:
----------------------------------------------------------
Note: Google Test filter = StudentsDbTests.AddTwoAndDisplay
[==========] Running 1 test from 1 test suite.
[----------] Global test environment set-up.
[----------] 1 test from StudentsDbTests
[ RUN      ] StudentsDbTests.AddTwoAndDisplay
[       OK ] StudentsDbTests.AddTwoAndDisplay (0 ms)
[----------] 1 test from StudentsDbTests (0 ms total)

[----------] Global test environment tear-down
[==========] 1 test from 1 test suite ran. (0 ms total)
[  PASSED  ] 1 test.
<end of output>
Test time =   0.01 sec
----------------------------------------------------------
Test Passed.
"StudentsDbTests.AddTwoAndDisplay" end time: Sep 17 15:21 RTZ 2 (зима)
"StudentsDbTests.AddTwoAndDisplay" time elapsed: 00:00:00
----------------------------------------------------------

4/6 Testing: StudentsDbTests.DeleteWithRetryOnInvalidIndex
4/6 Test: StudentsDbTests.DeleteWithRetryOnInvalidIndex
Command: "C:/Users/yung/Desktop/base_parallel/test/studentsDataBase/build/Release/tests.exe" "--gtest_filter=StudentsDbTests.DeleteWithRetryOnInvalidIndex" "--gtest_also_run_disabled_tests"
Directory: C:/Users/yung/Desktop/base_parallel/test/studentsDataBase/build
"StudentsDbTests.DeleteWithRetryOnInvalidIndex" start time: Sep 17 15:21 RTZ 2 (зима)
Output:
----------------------------------------------------------
Note: Google Test filter = StudentsDbTests.DeleteWithRetryOnInvalidIndex
[==========] Running 1 test from 1 test suite.
[----------] Global test environment set-up.
[----------] 1 test from StudentsDbTests
[ RUN      ] StudentsDbTests.DeleteWithRetryOnInvalidIndex
[       OK ] StudentsDbTests.DeleteWithRetryOnInvalidIndex (0 ms)
[----------] 1 test from StudentsDbTests (0 ms total)

[----------] Global test environment tear-down
[==========] 1 test from 1 test suite ran. (0 ms total)
[  PASSED  ] 1 test.
<end of output>
Test time =   0.01 sec
----------------------------------------------------------
Test Passed.
"StudentsDbTests.DeleteWithRetryOnInvalidIndex" end time: Sep 17 15:21 RTZ 2 (зима)
"StudentsDbTests.DeleteWithRetryOnInvalidIndex" time elapsed: 00:00:00
----------------------------------------------------------

5/6 Testing: StudentsDbTests.DeleteFromEmpty
5/6 Test: StudentsDbTests.DeleteFromEmpty
Command: "C:/Users/yung/Desktop/base_parallel/test/studentsDataBase/build/Release/tests.exe" "--gtest_filter=StudentsDbTests.DeleteFromEmpty" "--gtest_also_run_disabled_tests"
Directory: C:/Users/yung/Desktop/base_parallel/test/studentsDataBase/build
"StudentsDbTests.DeleteFromEmpty" start time: Sep 17 15:21 RTZ 2 (зима)
Output:
----------------------------------------------------------
Note: Google Test filter = StudentsDbTests.DeleteFromEmpty
[==========] Running 1 test from 1 test suite.
[----------] Global test environment set-up.
[----------] 1 test from StudentsDbTests
[ RUN      ] StudentsDbTests.DeleteFromEmpty
C:\Users\yung\Desktop\base_parallel\test\studentsDataBase\tests.cpp(66): error: Expected: (out.str().find("РїСѓСЃС‚Рѕ")) != (std::string::npos), actual: 18446744073709551615 vs 18446744073709551615

[  FAILED  ] StudentsDbTests.DeleteFromEmpty (0 ms)
[----------] 1 test from StudentsDbTests (0 ms total)

[----------] Global test environment tear-down
[==========] 1 test from 1 test suite ran. (0 ms total)
[  PASSED  ] 0 tests.
[  FAILED  ] 1 test, listed below:
[  FAILED  ] StudentsDbTests.DeleteFromEmpty

 1 FAILED TEST
<end of output>
Test time =   0.01 sec
----------------------------------------------------------
Test Failed.
"StudentsDbTests.DeleteFromEmpty" end time: Sep 17 15:21 RTZ 2 (зима)
"StudentsDbTests.DeleteFromEmpty" time elapsed: 00:00:00
----------------------------------------------------------

6/6 Testing: StudentsDbTests.DisplayOneStudentFormat
6/6 Test: StudentsDbTests.DisplayOneStudentFormat
Command: "C:/Users/yung/Desktop/base_parallel/test/studentsDataBase/build/Release/tests.exe" "--gtest_filter=StudentsDbTests.DisplayOneStudentFormat" "--gtest_also_run_disabled_tests"
Directory: C:/Users/yung/Desktop/base_parallel/test/studentsDataBase/build
"StudentsDbTests.DisplayOneStudentFormat" start time: Sep 17 15:21 RTZ 2 (зима)
Output:
----------------------------------------------------------
Note: Google Test filter = StudentsDbTests.DisplayOneStudentFormat
[==========] Running 1 test from 1 test suite.
[----------] Global test environment set-up.
[----------] 1 test from StudentsDbTests
[ RUN      ] StudentsDbTests.DisplayOneStudentFormat
[       OK ] StudentsDbTests.DisplayOneStudentFormat (0 ms)
[----------] 1 test from StudentsDbTests (0 ms total)

[----------] Global test environment tear-down
[==========] 1 test from 1 test suite ran. (0 ms total)
[  PASSED  ] 1 test.
<end of output>
Test time =   0.01 sec
----------------------------------------------------------
Test Passed.
"StudentsDbTests.DisplayOneStudentFormat" end time: Sep 17 15:21 RTZ 2 (зима)
"StudentsDbTests.DisplayOneStudentFormat" time elapsed: 00:00:00
----------------------------------------------------------

End testing: Sep 17 15:21 RTZ 2 (зима)
